<?xml version="1.0" encoding="UTF-8"?>
<testsuite xmlns:xsi="http://www.w3.org/2001/XMLSchema-instance" xsi:noNamespaceSchemaLocation="https://maven.apache.org/surefire/maven-surefire-plugin/xsd/surefire-test-report.xsd" name="com.atguigu.generator.RenrenApplicationTests" time="4.136" tests="1" errors="0" skipped="0" failures="0">
  <properties>
    <property name="sun.desktop" value="windows"/>
    <property name="awt.toolkit" value="sun.awt.windows.WToolkit"/>
    <property name="java.specification.version" value="11"/>
    <property name="sun.cpu.isalist" value="amd64"/>
    <property name="sun.jnu.encoding" value="GBK"/>
    <property name="java.class.path" value="E:\1130java(2)\guli\gmall-201130\gmall-generator\target\test-classes;E:\1130java(2)\guli\gmall-201130\gmall-generator\target\classes;D:\repos\org\springframework\boot\spring-boot-starter-test\2.0.6.RELEASE\spring-boot-starter-test-2.0.6.RELEASE.jar;D:\repos\org\springframework\boot\spring-boot-starter\2.0.6.RELEASE\spring-boot-starter-2.0.6.RELEASE.jar;D:\repos\org\springframework\boot\spring-boot\2.0.6.RELEASE\spring-boot-2.0.6.RELEASE.jar;D:\repos\org\springframework\boot\spring-boot-autoconfigure\2.0.6.RELEASE\spring-boot-autoconfigure-2.0.6.RELEASE.jar;D:\repos\org\springframework\boot\spring-boot-starter-logging\2.0.6.RELEASE\spring-boot-starter-logging-2.0.6.RELEASE.jar;D:\repos\ch\qos\logback\logback-classic\1.2.3\logback-classic-1.2.3.jar;D:\repos\ch\qos\logback\logback-core\1.2.3\logback-core-1.2.3.jar;D:\repos\org\apache\logging\log4j\log4j-to-slf4j\2.10.0\log4j-to-slf4j-2.10.0.jar;D:\repos\org\apache\logging\log4j\log4j-api\2.10.0\log4j-api-2.10.0.jar;D:\repos\org\slf4j\jul-to-slf4j\1.7.25\jul-to-slf4j-1.7.25.jar;D:\repos\javax\annotation\javax.annotation-api\1.3.2\javax.annotation-api-1.3.2.jar;D:\repos\org\yaml\snakeyaml\1.19\snakeyaml-1.19.jar;D:\repos\org\springframework\boot\spring-boot-test\2.0.6.RELEASE\spring-boot-test-2.0.6.RELEASE.jar;D:\repos\org\springframework\boot\spring-boot-test-autoconfigure\2.0.6.RELEASE\spring-boot-test-autoconfigure-2.0.6.RELEASE.jar;D:\repos\com\jayway\jsonpath\json-path\2.4.0\json-path-2.4.0.jar;D:\repos\net\minidev\json-smart\2.3\json-smart-2.3.jar;D:\repos\net\minidev\accessors-smart\1.2\accessors-smart-1.2.jar;D:\repos\org\ow2\asm\asm\5.0.4\asm-5.0.4.jar;D:\repos\org\slf4j\slf4j-api\1.7.25\slf4j-api-1.7.25.jar;D:\repos\junit\junit\4.12\junit-4.12.jar;D:\repos\org\assertj\assertj-core\3.9.1\assertj-core-3.9.1.jar;D:\repos\org\mockito\mockito-core\2.15.0\mockito-core-2.15.0.jar;D:\repos\net\bytebuddy\byte-buddy\1.7.11\byte-buddy-1.7.11.jar;D:\repos\net\bytebuddy\byte-buddy-agent\1.7.11\byte-buddy-agent-1.7.11.jar;D:\repos\org\objenesis\objenesis\2.6\objenesis-2.6.jar;D:\repos\org\hamcrest\hamcrest-core\1.3\hamcrest-core-1.3.jar;D:\repos\org\hamcrest\hamcrest-library\1.3\hamcrest-library-1.3.jar;D:\repos\org\skyscreamer\jsonassert\1.5.0\jsonassert-1.5.0.jar;D:\repos\com\vaadin\external\google\android-json\0.0.20131108.vaadin1\android-json-0.0.20131108.vaadin1.jar;D:\repos\org\springframework\spring-core\5.0.10.RELEASE\spring-core-5.0.10.RELEASE.jar;D:\repos\org\springframework\spring-jcl\5.0.10.RELEASE\spring-jcl-5.0.10.RELEASE.jar;D:\repos\org\springframework\spring-test\5.0.10.RELEASE\spring-test-5.0.10.RELEASE.jar;D:\repos\org\xmlunit\xmlunit-core\2.5.1\xmlunit-core-2.5.1.jar;D:\repos\org\springframework\boot\spring-boot-starter-web\2.0.6.RELEASE\spring-boot-starter-web-2.0.6.RELEASE.jar;D:\repos\org\springframework\boot\spring-boot-starter-json\2.0.6.RELEASE\spring-boot-starter-json-2.0.6.RELEASE.jar;D:\repos\com\fasterxml\jackson\core\jackson-databind\2.9.7\jackson-databind-2.9.7.jar;D:\repos\com\fasterxml\jackson\core\jackson-annotations\2.9.0\jackson-annotations-2.9.0.jar;D:\repos\com\fasterxml\jackson\core\jackson-core\2.9.7\jackson-core-2.9.7.jar;D:\repos\com\fasterxml\jackson\datatype\jackson-datatype-jdk8\2.9.7\jackson-datatype-jdk8-2.9.7.jar;D:\repos\com\fasterxml\jackson\datatype\jackson-datatype-jsr310\2.9.7\jackson-datatype-jsr310-2.9.7.jar;D:\repos\com\fasterxml\jackson\module\jackson-module-parameter-names\2.9.7\jackson-module-parameter-names-2.9.7.jar;D:\repos\org\springframework\boot\spring-boot-starter-tomcat\2.0.6.RELEASE\spring-boot-starter-tomcat-2.0.6.RELEASE.jar;D:\repos\org\apache\tomcat\embed\tomcat-embed-core\8.5.34\tomcat-embed-core-8.5.34.jar;D:\repos\org\apache\tomcat\embed\tomcat-embed-el\8.5.34\tomcat-embed-el-8.5.34.jar;D:\repos\org\apache\tomcat\embed\tomcat-embed-websocket\8.5.34\tomcat-embed-websocket-8.5.34.jar;D:\repos\org\hibernate\validator\hibernate-validator\6.0.13.Final\hibernate-validator-6.0.13.Final.jar;D:\repos\javax\validation\validation-api\2.0.1.Final\validation-api-2.0.1.Final.jar;D:\repos\org\jboss\logging\jboss-logging\3.3.2.Final\jboss-logging-3.3.2.Final.jar;D:\repos\com\fasterxml\classmate\1.3.4\classmate-1.3.4.jar;D:\repos\org\springframework\spring-web\5.0.10.RELEASE\spring-web-5.0.10.RELEASE.jar;D:\repos\org\springframework\spring-beans\5.0.10.RELEASE\spring-beans-5.0.10.RELEASE.jar;D:\repos\org\springframework\spring-webmvc\5.0.10.RELEASE\spring-webmvc-5.0.10.RELEASE.jar;D:\repos\org\springframework\spring-aop\5.0.10.RELEASE\spring-aop-5.0.10.RELEASE.jar;D:\repos\org\springframework\spring-context\5.0.10.RELEASE\spring-context-5.0.10.RELEASE.jar;D:\repos\org\springframework\spring-expression\5.0.10.RELEASE\spring-expression-5.0.10.RELEASE.jar;D:\repos\org\mybatis\spring\boot\mybatis-spring-boot-starter\1.3.0\mybatis-spring-boot-starter-1.3.0.jar;D:\repos\org\springframework\boot\spring-boot-starter-jdbc\2.0.6.RELEASE\spring-boot-starter-jdbc-2.0.6.RELEASE.jar;D:\repos\com\zaxxer\HikariCP\2.7.9\HikariCP-2.7.9.jar;D:\repos\org\springframework\spring-jdbc\5.0.10.RELEASE\spring-jdbc-5.0.10.RELEASE.jar;D:\repos\org\springframework\spring-tx\5.0.10.RELEASE\spring-tx-5.0.10.RELEASE.jar;D:\repos\org\mybatis\spring\boot\mybatis-spring-boot-autoconfigure\1.3.0\mybatis-spring-boot-autoconfigure-1.3.0.jar;D:\repos\org\mybatis\mybatis\3.4.4\mybatis-3.4.4.jar;D:\repos\org\mybatis\mybatis-spring\1.3.1\mybatis-spring-1.3.1.jar;D:\repos\com\alibaba\druid\1.0.28\druid-1.0.28.jar;D:\repos\commons-lang\commons-lang\2.6\commons-lang-2.6.jar;D:\repos\commons-io\commons-io\2.5\commons-io-2.5.jar;D:\repos\commons-configuration\commons-configuration\1.10\commons-configuration-1.10.jar;D:\repos\commons-logging\commons-logging\1.1.1\commons-logging-1.1.1.jar;D:\repos\com\alibaba\fastjson\1.2.45\fastjson-1.2.45.jar;D:\repos\org\apache\velocity\velocity\1.7\velocity-1.7.jar;D:\repos\commons-collections\commons-collections\3.2.1\commons-collections-3.2.1.jar;D:\repos\com\github\pagehelper\pagehelper-spring-boot-starter\1.2.5\pagehelper-spring-boot-starter-1.2.5.jar;D:\repos\com\github\pagehelper\pagehelper-spring-boot-autoconfigure\1.2.5\pagehelper-spring-boot-autoconfigure-1.2.5.jar;D:\repos\com\github\pagehelper\pagehelper\5.1.4\pagehelper-5.1.4.jar;D:\repos\com\github\jsqlparser\jsqlparser\1.0\jsqlparser-1.0.jar;D:\repos\mysql\mysql-connector-java\5.1.38\mysql-connector-java-5.1.38.jar;D:\repos\com\oracle\ojdbc6\11.2.0.3\ojdbc6-11.2.0.3.jar;D:\repos\com\microsoft\sqlserver\sqljdbc4\4.0\sqljdbc4-4.0.jar;D:\repos\org\postgresql\postgresql\42.2.5\postgresql-42.2.5.jar;"/>
    <property name="java.vm.vendor" value="JetBrains s.r.o"/>
    <property name="sun.arch.data.model" value="64"/>
    <property name="user.variant" value=""/>
    <property name="java.vendor.url" value="https://www.jetbrains.com/"/>
    <property name="user.timezone" value=""/>
    <property name="java.vm.specification.version" value="11"/>
    <property name="os.name" value="Windows 10"/>
    <property name="sun.java.launcher" value="SUN_STANDARD"/>
    <property name="user.country" value="CN"/>
    <property name="sun.boot.library.path" value="F:\IntelliJ IDEA 2019.3.5\jbr\bin"/>
    <property name="sun.java.command" value="C:\Users\dell\AppData\Local\Temp\surefire17610309591038883790\surefirebooter8731568946124650461.jar C:\Users\dell\AppData\Local\Temp\surefire17610309591038883790 2021-05-13T18-51-21_201-jvmRun1 surefire544016972329888907tmp surefire_0927021477457943945tmp"/>
    <property name="jdk.debug" value="release"/>
    <property name="surefire.test.class.path" value="E:\1130java(2)\guli\gmall-201130\gmall-generator\target\test-classes;E:\1130java(2)\guli\gmall-201130\gmall-generator\target\classes;D:\repos\org\springframework\boot\spring-boot-starter-test\2.0.6.RELEASE\spring-boot-starter-test-2.0.6.RELEASE.jar;D:\repos\org\springframework\boot\spring-boot-starter\2.0.6.RELEASE\spring-boot-starter-2.0.6.RELEASE.jar;D:\repos\org\springframework\boot\spring-boot\2.0.6.RELEASE\spring-boot-2.0.6.RELEASE.jar;D:\repos\org\springframework\boot\spring-boot-autoconfigure\2.0.6.RELEASE\spring-boot-autoconfigure-2.0.6.RELEASE.jar;D:\repos\org\springframework\boot\spring-boot-starter-logging\2.0.6.RELEASE\spring-boot-starter-logging-2.0.6.RELEASE.jar;D:\repos\ch\qos\logback\logback-classic\1.2.3\logback-classic-1.2.3.jar;D:\repos\ch\qos\logback\logback-core\1.2.3\logback-core-1.2.3.jar;D:\repos\org\apache\logging\log4j\log4j-to-slf4j\2.10.0\log4j-to-slf4j-2.10.0.jar;D:\repos\org\apache\logging\log4j\log4j-api\2.10.0\log4j-api-2.10.0.jar;D:\repos\org\slf4j\jul-to-slf4j\1.7.25\jul-to-slf4j-1.7.25.jar;D:\repos\javax\annotation\javax.annotation-api\1.3.2\javax.annotation-api-1.3.2.jar;D:\repos\org\yaml\snakeyaml\1.19\snakeyaml-1.19.jar;D:\repos\org\springframework\boot\spring-boot-test\2.0.6.RELEASE\spring-boot-test-2.0.6.RELEASE.jar;D:\repos\org\springframework\boot\spring-boot-test-autoconfigure\2.0.6.RELEASE\spring-boot-test-autoconfigure-2.0.6.RELEASE.jar;D:\repos\com\jayway\jsonpath\json-path\2.4.0\json-path-2.4.0.jar;D:\repos\net\minidev\json-smart\2.3\json-smart-2.3.jar;D:\repos\net\minidev\accessors-smart\1.2\accessors-smart-1.2.jar;D:\repos\org\ow2\asm\asm\5.0.4\asm-5.0.4.jar;D:\repos\org\slf4j\slf4j-api\1.7.25\slf4j-api-1.7.25.jar;D:\repos\junit\junit\4.12\junit-4.12.jar;D:\repos\org\assertj\assertj-core\3.9.1\assertj-core-3.9.1.jar;D:\repos\org\mockito\mockito-core\2.15.0\mockito-core-2.15.0.jar;D:\repos\net\bytebuddy\byte-buddy\1.7.11\byte-buddy-1.7.11.jar;D:\repos\net\bytebuddy\byte-buddy-agent\1.7.11\byte-buddy-agent-1.7.11.jar;D:\repos\org\objenesis\objenesis\2.6\objenesis-2.6.jar;D:\repos\org\hamcrest\hamcrest-core\1.3\hamcrest-core-1.3.jar;D:\repos\org\hamcrest\hamcrest-library\1.3\hamcrest-library-1.3.jar;D:\repos\org\skyscreamer\jsonassert\1.5.0\jsonassert-1.5.0.jar;D:\repos\com\vaadin\external\google\android-json\0.0.20131108.vaadin1\android-json-0.0.20131108.vaadin1.jar;D:\repos\org\springframework\spring-core\5.0.10.RELEASE\spring-core-5.0.10.RELEASE.jar;D:\repos\org\springframework\spring-jcl\5.0.10.RELEASE\spring-jcl-5.0.10.RELEASE.jar;D:\repos\org\springframework\spring-test\5.0.10.RELEASE\spring-test-5.0.10.RELEASE.jar;D:\repos\org\xmlunit\xmlunit-core\2.5.1\xmlunit-core-2.5.1.jar;D:\repos\org\springframework\boot\spring-boot-starter-web\2.0.6.RELEASE\spring-boot-starter-web-2.0.6.RELEASE.jar;D:\repos\org\springframework\boot\spring-boot-starter-json\2.0.6.RELEASE\spring-boot-starter-json-2.0.6.RELEASE.jar;D:\repos\com\fasterxml\jackson\core\jackson-databind\2.9.7\jackson-databind-2.9.7.jar;D:\repos\com\fasterxml\jackson\core\jackson-annotations\2.9.0\jackson-annotations-2.9.0.jar;D:\repos\com\fasterxml\jackson\core\jackson-core\2.9.7\jackson-core-2.9.7.jar;D:\repos\com\fasterxml\jackson\datatype\jackson-datatype-jdk8\2.9.7\jackson-datatype-jdk8-2.9.7.jar;D:\repos\com\fasterxml\jackson\datatype\jackson-datatype-jsr310\2.9.7\jackson-datatype-jsr310-2.9.7.jar;D:\repos\com\fasterxml\jackson\module\jackson-module-parameter-names\2.9.7\jackson-module-parameter-names-2.9.7.jar;D:\repos\org\springframework\boot\spring-boot-starter-tomcat\2.0.6.RELEASE\spring-boot-starter-tomcat-2.0.6.RELEASE.jar;D:\repos\org\apache\tomcat\embed\tomcat-embed-core\8.5.34\tomcat-embed-core-8.5.34.jar;D:\repos\org\apache\tomcat\embed\tomcat-embed-el\8.5.34\tomcat-embed-el-8.5.34.jar;D:\repos\org\apache\tomcat\embed\tomcat-embed-websocket\8.5.34\tomcat-embed-websocket-8.5.34.jar;D:\repos\org\hibernate\validator\hibernate-validator\6.0.13.Final\hibernate-validator-6.0.13.Final.jar;D:\repos\javax\validation\validation-api\2.0.1.Final\validation-api-2.0.1.Final.jar;D:\repos\org\jboss\logging\jboss-logging\3.3.2.Final\jboss-logging-3.3.2.Final.jar;D:\repos\com\fasterxml\classmate\1.3.4\classmate-1.3.4.jar;D:\repos\org\springframework\spring-web\5.0.10.RELEASE\spring-web-5.0.10.RELEASE.jar;D:\repos\org\springframework\spring-beans\5.0.10.RELEASE\spring-beans-5.0.10.RELEASE.jar;D:\repos\org\springframework\spring-webmvc\5.0.10.RELEASE\spring-webmvc-5.0.10.RELEASE.jar;D:\repos\org\springframework\spring-aop\5.0.10.RELEASE\spring-aop-5.0.10.RELEASE.jar;D:\repos\org\springframework\spring-context\5.0.10.RELEASE\spring-context-5.0.10.RELEASE.jar;D:\repos\org\springframework\spring-expression\5.0.10.RELEASE\spring-expression-5.0.10.RELEASE.jar;D:\repos\org\mybatis\spring\boot\mybatis-spring-boot-starter\1.3.0\mybatis-spring-boot-starter-1.3.0.jar;D:\repos\org\springframework\boot\spring-boot-starter-jdbc\2.0.6.RELEASE\spring-boot-starter-jdbc-2.0.6.RELEASE.jar;D:\repos\com\zaxxer\HikariCP\2.7.9\HikariCP-2.7.9.jar;D:\repos\org\springframework\spring-jdbc\5.0.10.RELEASE\spring-jdbc-5.0.10.RELEASE.jar;D:\repos\org\springframework\spring-tx\5.0.10.RELEASE\spring-tx-5.0.10.RELEASE.jar;D:\repos\org\mybatis\spring\boot\mybatis-spring-boot-autoconfigure\1.3.0\mybatis-spring-boot-autoconfigure-1.3.0.jar;D:\repos\org\mybatis\mybatis\3.4.4\mybatis-3.4.4.jar;D:\repos\org\mybatis\mybatis-spring\1.3.1\mybatis-spring-1.3.1.jar;D:\repos\com\alibaba\druid\1.0.28\druid-1.0.28.jar;D:\repos\commons-lang\commons-lang\2.6\commons-lang-2.6.jar;D:\repos\commons-io\commons-io\2.5\commons-io-2.5.jar;D:\repos\commons-configuration\commons-configuration\1.10\commons-configuration-1.10.jar;D:\repos\commons-logging\commons-logging\1.1.1\commons-logging-1.1.1.jar;D:\repos\com\alibaba\fastjson\1.2.45\fastjson-1.2.45.jar;D:\repos\org\apache\velocity\velocity\1.7\velocity-1.7.jar;D:\repos\commons-collections\commons-collections\3.2.1\commons-collections-3.2.1.jar;D:\repos\com\github\pagehelper\pagehelper-spring-boot-starter\1.2.5\pagehelper-spring-boot-starter-1.2.5.jar;D:\repos\com\github\pagehelper\pagehelper-spring-boot-autoconfigure\1.2.5\pagehelper-spring-boot-autoconfigure-1.2.5.jar;D:\repos\com\github\pagehelper\pagehelper\5.1.4\pagehelper-5.1.4.jar;D:\repos\com\github\jsqlparser\jsqlparser\1.0\jsqlparser-1.0.jar;D:\repos\mysql\mysql-connector-java\5.1.38\mysql-connector-java-5.1.38.jar;D:\repos\com\oracle\ojdbc6\11.2.0.3\ojdbc6-11.2.0.3.jar;D:\repos\com\microsoft\sqlserver\sqljdbc4\4.0\sqljdbc4-4.0.jar;D:\repos\org\postgresql\postgresql\42.2.5\postgresql-42.2.5.jar;"/>
    <property name="sun.cpu.endian" value="little"/>
    <property name="user.home" value="C:\Users\dell"/>
    <property name="user.language" value="zh"/>
    <property name="java.specification.vendor" value="Oracle Corporation"/>
    <property name="java.version.date" value="2020-01-14"/>
    <property name="java.home" value="F:\IntelliJ IDEA 2019.3.5\jbr"/>
    <property name="file.separator" value="\"/>
    <property name="basedir" value="E:\1130java(2)\guli\gmall-201130\gmall-generator"/>
    <property name="java.vm.compressedOopsMode" value="Zero based"/>
    <property name="line.separator" value="&#10;"/>
    <property name="java.specification.name" value="Java Platform API Specification"/>
    <property name="java.vm.specification.vendor" value="Oracle Corporation"/>
    <property name="java.awt.graphicsenv" value="sun.awt.Win32GraphicsEnvironment"/>
    <property name="surefire.real.class.path" value="C:\Users\dell\AppData\Local\Temp\surefire17610309591038883790\surefirebooter8731568946124650461.jar"/>
    <property name="user.script" value=""/>
    <property name="sun.management.compiler" value="HotSpot 64-Bit Tiered Compilers"/>
    <property name="java.runtime.version" value="11.0.6+8-b520.66"/>
    <property name="user.name" value="dell"/>
    <property name="path.separator" value=";"/>
    <property name="os.version" value="10.0"/>
    <property name="java.runtime.name" value="OpenJDK Runtime Environment"/>
    <property name="file.encoding" value="GBK"/>
    <property name="java.vm.name" value="OpenJDK 64-Bit Server VM"/>
    <property name="localRepository" value="D:\repos"/>
    <property name="java.vendor.url.bug" value="https://youtrack.jetbrains.com"/>
    <property name="java.io.tmpdir" value="C:\Users\dell\AppData\Local\Temp\"/>
    <property name="java.version" value="11.0.6"/>
    <property name="user.dir" value="E:\1130java(2)\guli\gmall-201130\gmall-generator"/>
    <property name="os.arch" value="amd64"/>
    <property name="java.vm.specification.name" value="Java Virtual Machine Specification"/>
    <property name="java.awt.printerjob" value="sun.awt.windows.WPrinterJob"/>
    <property name="sun.os.patch.level" value=""/>
    <property name="idea.version2019.3.5" value="true"/>
    <property name="java.library.path" value="F:\IntelliJ IDEA 2019.3.5\jbr\bin;C:\WINDOWS\Sun\Java\bin;C:\WINDOWS\system32;C:\WINDOWS;C:\Program Files (x86)\Common Files\NetSarang;D:\develop\apache-maven-3.6.0\bin;D:\develop\MySQL\MySQL Server 5.7\bin;C:\Program Files\Java\jdk1.8.0_171\bin;%CATALINA_HOME%\bin;D:\develop\bin;D:\develop\;F:\C\mingw64\bin;D:\develop\Git\bin;D:\develop\Git\cmd;;C:\Users\dell\AppData\Roaming\npm;F:\develop\Microsoft VS Code\bin;."/>
    <property name="java.vendor" value="JetBrains s.r.o"/>
    <property name="java.vm.info" value="mixed mode, sharing"/>
    <property name="java.vm.version" value="11.0.6+8-b520.66"/>
    <property name="sun.io.unicode.encoding" value="UnicodeLittle"/>
    <property name="maven.repo.local" value="D:\repos"/>
    <property name="java.class.version" value="55.0"/>
  </properties>
  <testcase name="contextLoads" classname="com.atguigu.generator.RenrenApplicationTests" time="0.091"/>
</testsuite>